<?xml version="1.0" encoding="UTF-8"?>
<!-- Generated by org.testng.reporters.JUnitReportReporter -->
<testsuite skipped="0" hostname="DESKTOP-E63GMB1" name="com.QA.Auth.getoAuth2Token" tests="1" failures="0" timestamp="05 May 2020 05:38:23 GMT" time="2.965" errors="0">
  <testcase name="getAuth" time="2.965" classname="com.QA.Auth.getoAuth2Token"/>
</testsuite> <!-- com.QA.Auth.getoAuth2Token -->
