<?xml version="1.0" encoding="UTF-8"?>
<!-- Generated by org.testng.reporters.JUnitReportReporter -->
<testsuite skipped="1" hostname="DESKTOP-E63GMB1" name="com.restAPI.getcalls.PostCall" tests="2" failures="0" timestamp="06 May 2020 05:32:25 GMT" time="3.880" errors="0">
  <testcase name="postcallMethod2" time="3.880" classname="com.restAPI.getcalls.PostCall"/>
  <testcase name="createData" classname="com.restAPI.getcalls.PostCall">
    <skipped/>
  </testcase> <!-- createData -->
</testsuite> <!-- com.restAPI.getcalls.PostCall -->
