<?xml version="1.0" encoding="UTF-8"?>
<!-- Generated by org.testng.reporters.JUnitReportReporter -->
<testsuite skipped="0" hostname="DESKTOP-E63GMB1" name="com.QA.Auth.AuthBasic" tests="1" failures="0" timestamp="05 May 2020 04:52:42 GMT" time="5.035" errors="0">
  <testcase name="oAuth2Test2" time="5.035" classname="com.QA.Auth.AuthBasic"/>
</testsuite> <!-- com.QA.Auth.AuthBasic -->
